INFO  Using log config file: jar:file:/home/danielsokil/Downloads/ghidra_11.0.1_PUBLIC/Ghidra/Framework/Generic/lib/Generic.jar!/generic.log4j.xml (LoggingInitialization)  
INFO  Using log file: /home/danielsokil/.ghidra/.ghidra_11.0.1_PUBLIC/application.log (LoggingInitialization)  
INFO  Loading user preferences: /home/danielsokil/.ghidra/.ghidra_11.0.1_PUBLIC/preferences (Preferences)  
INFO  Loading previous preferences: /home/danielsokil/.ghidra/.ghidra_11.0_PUBLIC/preferences (Preferences)  
INFO  Searching for classes... (ClassSearcher)  
INFO  Class search complete (852 ms) (ClassSearcher)  
INFO  Initializing SSL Context (SSLContextInitializer)  
INFO  Initializing Random Number Generator... (SecureRandomFactory)  
INFO  Random Number Generator initialization complete: NativePRNGNonBlocking (SecureRandomFactory)  
INFO  Trust manager disabled, cacerts have not been set (ApplicationTrustManagerFactory)  
INFO  Creating project: /home/danielsokil/Lab/Zetta-Pow/bmminer_NBP1901/antminer_debug_binaries/ghidrecomps/ghidra_projects/z11-pcba-547cf4ca6bad61def5c4bd18971b5301/z11-pcba-547cf4ca6bad61def5c4bd18971b5301 (DefaultProject)  
INFO  Using Loader: Executable and Linking Format (ELF) (AutoImporter)  
INFO  Using Language/Compiler: ARM:LE:32:v8:default (AutoImporter)  
INFO  DWARF import - total elapsed: 41ms (DWARFImportSummary)  
INFO  DWARF data type import - elapsed: 16ms (DWARFImportSummary)  
INFO  DWARF func & symbol import - elapsed: 24ms (DWARFImportSummary)  
INFO  DWARF types imported: 18 (DWARFImportSummary)  
ERROR DWARF variable definitions that failed because they are computed pseudo variables: 1 (DWARFImportSummary)  
INFO  Packed database cache: /tmp/danielsokil-Ghidra/packed-db-cache (PackedDatabaseCache)  
INFO  Applied data type archive: generic_clib (ApplyDataArchiveAnalyzer)  
INFO  -----------------------------------------------------
    ARM Constant Reference Analyzer            1.564 secs
    ARM Symbol                                 0.003 secs
    ASCII Strings                              0.281 secs
    Apply Data Archives                        0.581 secs
    Call Convention ID                         0.029 secs
    Call-Fixup Installer                       0.008 secs
    Create Address Tables                      0.031 secs
    Create Address Tables - One Time           0.054 secs
    Create Function                            0.072 secs
    DWARF                                      0.075 secs
    Data Reference                             0.028 secs
    Decompiler Switch Analysis                 0.234 secs
    Demangler GNU                              0.018 secs
    Disassemble Entry Points                   2.216 secs
    Embedded Media                             0.029 secs
    External Entry References                  0.001 secs
    Function Start Pre Search                  0.012 secs
    Function Start Search                      0.117 secs
    Function Start Search After Code           0.026 secs
    Function Start Search After Data           0.021 secs
    GCC Exception Handlers                     0.044 secs
    Non-Returning Functions - Discovered       0.040 secs
    Non-Returning Functions - Known            0.004 secs
    Reference                                  0.059 secs
    Shared Return Calls                        0.017 secs
    Stack                                      1.601 secs
    Subroutine References                      0.039 secs
-----------------------------------------------------
     Total Time   7 secs
-----------------------------------------------------
 (AutoAnalysisManager)  
INFO  Opening project: /home/danielsokil/Lab/Zetta-Pow/bmminer_NBP1901/antminer_debug_binaries/ghidrecomps/ghidra_projects/z11-pcba-547cf4ca6bad61def5c4bd18971b5301/z11-pcba-547cf4ca6bad61def5c4bd18971b5301 (DefaultProject)  
WARN  Decompiling 00032c41, pcode error at 00032c41: Invalid instruction address (improperly aligned) (DecompileCallback)  
WARN  Decompiling 00032eb9, pcode error at 00032eb9: Invalid instruction address (improperly aligned) (DecompileCallback)  
WARN  Decompiling 000f3000, pcode error at 000f3000: Unable to disassemble EXTERNAL block location: 000f3000 (DecompileCallback)  
WARN  Decompiling 000f3004, pcode error at 000f3004: Unable to disassemble EXTERNAL block location: 000f3004 (DecompileCallback)  
WARN  Decompiling 000f3008, pcode error at 000f3008: Unable to disassemble EXTERNAL block location: 000f3008 (DecompileCallback)  
WARN  Decompiling 000f300c, pcode error at 000f300c: Unable to disassemble EXTERNAL block location: 000f300c (DecompileCallback)  
WARN  Decompiling 000f3014, pcode error at 000f3014: Unable to disassemble EXTERNAL block location: 000f3014 (DecompileCallback)  
WARN  Decompiling 000f3010, pcode error at 000f3010: Unable to disassemble EXTERNAL block location: 000f3010 (DecompileCallback)  
WARN  Decompiling 000f301c, pcode error at 000f301c: Unable to disassemble EXTERNAL block location: 000f301c (DecompileCallback)  
WARN  Decompiling 000f3020, pcode error at 000f3020: Unable to disassemble EXTERNAL block location: 000f3020 (DecompileCallback)  
WARN  Decompiling 000f3024, pcode error at 000f3024: Unable to disassemble EXTERNAL block location: 000f3024 (DecompileCallback)  
WARN  Decompiling 000f3028, pcode error at 000f3028: Unable to disassemble EXTERNAL block location: 000f3028 (DecompileCallback)  
WARN  Decompiling 000f302c, pcode error at 000f302c: Unable to disassemble EXTERNAL block location: 000f302c (DecompileCallback)  
WARN  Decompiling 000f3030, pcode error at 000f3030: Unable to disassemble EXTERNAL block location: 000f3030 (DecompileCallback)  
WARN  Decompiling 000f3034, pcode error at 000f3034: Unable to disassemble EXTERNAL block location: 000f3034 (DecompileCallback)  
WARN  Decompiling 000f3038, pcode error at 000f3038: Unable to disassemble EXTERNAL block location: 000f3038 (DecompileCallback)  
WARN  Decompiling 000f3040, pcode error at 000f3040: Unable to disassemble EXTERNAL block location: 000f3040 (DecompileCallback)  
WARN  Decompiling 000f3044, pcode error at 000f3044: Unable to disassemble EXTERNAL block location: 000f3044 (DecompileCallback)  
WARN  Decompiling 000f3048, pcode error at 000f3048: Unable to disassemble EXTERNAL block location: 000f3048 (DecompileCallback)  
WARN  Decompiling 000f304c, pcode error at 000f304c: Unable to disassemble EXTERNAL block location: 000f304c (DecompileCallback)  
WARN  Decompiling 000f3050, pcode error at 000f3050: Unable to disassemble EXTERNAL block location: 000f3050 (DecompileCallback)  
WARN  Decompiling 000f3054, pcode error at 000f3054: Unable to disassemble EXTERNAL block location: 000f3054 (DecompileCallback)  
WARN  Decompiling 000f3058, pcode error at 000f3058: Unable to disassemble EXTERNAL block location: 000f3058 (DecompileCallback)  
WARN  Decompiling 000f305c, pcode error at 000f305c: Unable to disassemble EXTERNAL block location: 000f305c (DecompileCallback)  
WARN  Decompiling 000f3060, pcode error at 000f3060: Unable to disassemble EXTERNAL block location: 000f3060 (DecompileCallback)  
WARN  Decompiling 000f3064, pcode error at 000f3064: Unable to disassemble EXTERNAL block location: 000f3064 (DecompileCallback)  
WARN  Decompiling 000f3068, pcode error at 000f3068: Unable to disassemble EXTERNAL block location: 000f3068 (DecompileCallback)  
WARN  Decompiling 000f306c, pcode error at 000f306c: Unable to disassemble EXTERNAL block location: 000f306c (DecompileCallback)  
WARN  Decompiling 000f3070, pcode error at 000f3070: Unable to disassemble EXTERNAL block location: 000f3070 (DecompileCallback)  
WARN  Decompiling 000f3074, pcode error at 000f3074: Unable to disassemble EXTERNAL block location: 000f3074 (DecompileCallback)  
WARN  Decompiling 000f3078, pcode error at 000f3078: Unable to disassemble EXTERNAL block location: 000f3078 (DecompileCallback)  
WARN  Decompiling 000f3080, pcode error at 000f3080: Unable to disassemble EXTERNAL block location: 000f3080 (DecompileCallback)  
WARN  Decompiling 000f3084, pcode error at 000f3084: Unable to disassemble EXTERNAL block location: 000f3084 (DecompileCallback)  
WARN  Decompiling 000f3088, pcode error at 000f3088: Unable to disassemble EXTERNAL block location: 000f3088 (DecompileCallback)  
WARN  Decompiling 000f308c, pcode error at 000f308c: Unable to disassemble EXTERNAL block location: 000f308c (DecompileCallback)  
WARN  Decompiling 000f3090, pcode error at 000f3090: Unable to disassemble EXTERNAL block location: 000f3090 (DecompileCallback)  
WARN  Decompiling 000f3094, pcode error at 000f3094: Unable to disassemble EXTERNAL block location: 000f3094 (DecompileCallback)  
WARN  Decompiling 000f3098, pcode error at 000f3098: Unable to disassemble EXTERNAL block location: 000f3098 (DecompileCallback)  
WARN  Decompiling 000f309c, pcode error at 000f309c: Unable to disassemble EXTERNAL block location: 000f309c (DecompileCallback)  
WARN  Decompiling 000f30a0, pcode error at 000f30a0: Unable to disassemble EXTERNAL block location: 000f30a0 (DecompileCallback)  
WARN  Decompiling 000f30a4, pcode error at 000f30a4: Unable to disassemble EXTERNAL block location: 000f30a4 (DecompileCallback)  
WARN  Decompiling 000f30a8, pcode error at 000f30a8: Unable to disassemble EXTERNAL block location: 000f30a8 (DecompileCallback)  
WARN  Decompiling 000f30ac, pcode error at 000f30ac: Unable to disassemble EXTERNAL block location: 000f30ac (DecompileCallback)  
WARN  Decompiling 000f30b0, pcode error at 000f30b0: Unable to disassemble EXTERNAL block location: 000f30b0 (DecompileCallback)  
WARN  Decompiling 000f30b4, pcode error at 000f30b4: Unable to disassemble EXTERNAL block location: 000f30b4 (DecompileCallback)  
WARN  Decompiling 000f30b8, pcode error at 000f30b8: Unable to disassemble EXTERNAL block location: 000f30b8 (DecompileCallback)  
WARN  Decompiling 000f30c0, pcode error at 000f30c0: Unable to disassemble EXTERNAL block location: 000f30c0 (DecompileCallback)  
WARN  Decompiling 000f30c4, pcode error at 000f30c4: Unable to disassemble EXTERNAL block location: 000f30c4 (DecompileCallback)  
WARN  Decompiling 000f30c8, pcode error at 000f30c8: Unable to disassemble EXTERNAL block location: 000f30c8 (DecompileCallback)  
WARN  Decompiling 000f30d0, pcode error at 000f30d0: Unable to disassemble EXTERNAL block location: 000f30d0 (DecompileCallback)  
WARN  Decompiling 000f30cc, pcode error at 000f30cc: Unable to disassemble EXTERNAL block location: 000f30cc (DecompileCallback)  
WARN  Decompiling 000f30d4, pcode error at 000f30d4: Unable to disassemble EXTERNAL block location: 000f30d4 (DecompileCallback)  
WARN  Decompiling 000f30dc, pcode error at 000f30dc: Unable to disassemble EXTERNAL block location: 000f30dc (DecompileCallback)  
WARN  Decompiling 000f30e0, pcode error at 000f30e0: Unable to disassemble EXTERNAL block location: 000f30e0 (DecompileCallback)  
WARN  Decompiling 000f30e4, pcode error at 000f30e4: Unable to disassemble EXTERNAL block location: 000f30e4 (DecompileCallback)  
WARN  Decompiling 000f30e8, pcode error at 000f30e8: Unable to disassemble EXTERNAL block location: 000f30e8 (DecompileCallback)  
WARN  Decompiling 000f30f0, pcode error at 000f30f0: Unable to disassemble EXTERNAL block location: 000f30f0 (DecompileCallback)  
WARN  Decompiling 000f30f4, pcode error at 000f30f4: Unable to disassemble EXTERNAL block location: 000f30f4 (DecompileCallback)  
WARN  Decompiling 000f30fc, pcode error at 000f30fc: Unable to disassemble EXTERNAL block location: 000f30fc (DecompileCallback)  
WARN  Decompiling 000f30f8, pcode error at 000f30f8: Unable to disassemble EXTERNAL block location: 000f30f8 (DecompileCallback)  
WARN  Decompiling 000f3100, pcode error at 000f3100: Unable to disassemble EXTERNAL block location: 000f3100 (DecompileCallback)  
WARN  Decompiling 000f3104, pcode error at 000f3104: Unable to disassemble EXTERNAL block location: 000f3104 (DecompileCallback)  
WARN  Decompiling 000f30bc, pcode error at 000f30bc: Unable to disassemble EXTERNAL block location: 000f30bc (DecompileCallback)  
WARN  Decompiling 000f307c, pcode error at 000f307c: Unable to disassemble EXTERNAL block location: 000f307c (DecompileCallback)  
WARN  Decompiling 000f303c, pcode error at 000f303c: Unable to disassemble EXTERNAL block location: 000f303c (DecompileCallback)  
Starting decompliations: Namespace(bin='./Z11/z11-pcba', cppexport=False, filters=None, project_path='ghidra_projects', gdt=None, output_path='ghidrecomps', skip_cache=False, sym_file_path=None, symbols_path='symbols', skip_symbols=False, thread_count=16, va=False, fa=False, max_ram_percent=50.0, print_flags=False, callgraphs=False, callgraph_filter='.', max_display_depth=None, max_time_cg_gen=5, cg_direction='calling', bsim=False, bsim_sig_path='bsim-xmls', bsim_template='medium_nosize', bsim_cat=None)
Setting up Symbol Server for symbols...
path: ghidrecomps/symbols level: 1
Loaded well known /home/danielsokil/Downloads/ghidra_11.0.1_PUBLIC/Ghidra/Configurations/Public_Release/data/PDB_SYMBOL_SERVER_URLS.pdburl' length: 883'
Symbol Server Configured path: SymbolServerService:
	symbolStore: LocalSymbolStore: [ rootDir: /home/danielsokil/Lab/Zetta-Pow/bmminer_NBP1901/antminer_debug_binaries/ghidrecomps/symbols, storageLevel: -1],
	symbolServers:
		HttpSymbolServer: [ url: https://msdl.microsoft.com/download/symbols/, storageLevel: -1]
		HttpSymbolServer: [ url: https://chromium-browser-symsrv.commondatastorage.googleapis.com/, storageLevel: -1]
		HttpSymbolServer: [ url: https://symbols.mozilla.org/, storageLevel: -1]
		HttpSymbolServer: [ url: https://software.intel.com/sites/downloads/symbols/, storageLevel: -1]
		HttpSymbolServer: [ url: https://driver-symbols.nvidia.com/, storageLevel: -1]
		HttpSymbolServer: [ url: https://download.amd.com/dir/bin/, storageLevel: -1]
Failed to find pdb for z11-pcba - .ProgramDB
Analyzing program z11-pcba...
Running analyzers...
Decompiling 404 functions using 16 threads
Setup 16 decompliers
Decompiled 100 and 24%
Decompiled 200 and 49%
Decompiled 300 and 74%
Decompiled 400 and 99%
Decompiled 404 functions for z11-pcba in 4.521923780441284
0 decompilations already existed.
Wrote 404 decompilations for z11-pcba to ghidrecomps/bins/z11-pcba-547cf4ca6bad61def5c4bd18971b5301/decomps in 0.024864912033081055
